<?xml version="1.0" encoding="UTF-8"?>
<!-- Generated by org.testng.reporters.JUnitReportReporter -->
<testsuite skipped="0" hostname="DESKTOP-PR07NF6" name="com.qa.tests.SeleniumCommands" tests="1" failures="0" timestamp="18 Jun 2018 14:46:55 GMT" time="6.811" errors="0">
  <testcase name="testSeleniumCommands" time="6.811" classname="com.qa.tests.SeleniumCommands"/>
</testsuite> <!-- com.qa.tests.SeleniumCommands -->
